randPoint_: Empty ellipsoid. Returning empty array with shape (2, 0)
randPoint_: Original center (c_orig): (2, 1), [[-0.74450683]
 [ 3.58006475]]
randPoint_: Shifted ellipsoid E_shifted.Q: (2, 2), E_shifted.q: (2, 1)
randPoint_: Rank (r): 2, Dimension (n): 2
randPoint_: Remaining dimensions (n_rem): 0
randPoint_: E_to_unit_ball_Q shape: (2, 2), E_to_unit_ball_q shape: (2, 1)
randPoint_: sampling_transform_matrix shape: (2, 2)
randPoint_: Final points generated. final_p shape: (2, 10)
randPoint_: Original center (c_orig): (2, 1), [[-2.46536569]
 [ 0.27178687]]
randPoint_: Shifted ellipsoid E_shifted.Q: (2, 2), E_shifted.q: (2, 1)
randPoint_: Rank (r): 1, Dimension (n): 2
randPoint_: Remaining dimensions (n_rem): 1
randPoint_: Handling degenerate ellipsoid. E_shifted.Q shape before SVD: (2, 2)
randPoint_: T_svd shape: (2, 2)
randPoint_: Q_rotated shape: (2, 2)
randPoint_: q_rotated shape: (2, 1)
randPoint_: E_to_unit_ball_Q shape: (1, 1), E_to_unit_ball_q shape: (1, 1)
randPoint_: sampling_transform_matrix shape: (1, 1)
randPoint_: Final points generated. final_p shape: (2, 10)
randPoint_: E represents a point. Returning 10 replicas of E.q: [[ 1.09869336]
 [-1.98843878]]
